<html>
<head>
<title>TestNG:  Surefire test</title>
<link href="../testng.css" rel="stylesheet" type="text/css" />
<link href="../my-testng.css" rel="stylesheet" type="text/css" />

<style type="text/css">
.log { display: none;} 
.stack-trace { display: none;} 
</style>
<script type="text/javascript">
<!--
function flip(e) {
  current = e.style.display;
  if (current == 'block') {
    e.style.display = 'none';
    return 0;
  }
  else {
    e.style.display = 'block';
    return 1;
  }
}

function toggleBox(szDivId, elem, msg1, msg2)
{
  var res = -1;  if (document.getElementById) {
    res = flip(document.getElementById(szDivId));
  }
  else if (document.all) {
    // this is the way old msie versions work
    res = flip(document.all[szDivId]);
  }
  if(elem) {
    if(res == 0) elem.innerHTML = msg1; else elem.innerHTML = msg2;
  }

}

function toggleAllBoxes() {
  if (document.getElementsByTagName) {
    d = document.getElementsByTagName('div');
    for (i = 0; i < d.length; i++) {
      if (d[i].className == 'log') {
        flip(d[i]);
      }
    }
  }
}

// -->
</script>

</head>
<body>
<h2 align='center'>Surefire test</h2><table border='1' align="center">
<tr>
<td>Tests passed/Failed/Skipped:</td><td>12/2/0</td>
</tr><tr>
<td>Started on:</td><td>Mon Dec 12 20:25:08 EET 2022</td>
</tr>
<tr><td>Total time:</td><td>187 seconds (187696 ms)</td>
</tr><tr>
<td>Included groups:</td><td></td>
</tr><tr>
<td>Excluded groups:</td><td></td>
</tr>
</table><p/>
<small><i>(Hover the method name to see the test class name)</i></small><p/>
<table width='100%' border='1' class='invocation-failed'>
<tr><td colspan='4' align='center'><b>FAILED TESTS</b></td></tr>
<tr><td><b>Test method</b></td>
<td width="30%"><b>Exception</b></td>
<td width="10%"><b>Time (seconds)</b></td>
<td><b>Instance</b></td>
</tr>
<tr>
<td title='Runner.runners.runScenario()'><b>runScenario</b><br>Test class: Runner.runners<br>Test method: Runs Cucumber Scenarios<br>Parameters: "user resets his password", "Optional[Reset Password]"</td>
<td><div><pre>java.lang.AssertionError: The following asserts failed:
	expected [true] but found [false]
	at StepDefinitions.D03_PasswordResetStepDef.message_of_instruction_is_displayed(D03_PasswordResetStepDef.java:27)
	at ?.message of instruction is displayed(file:///C:/Users/3D/IdeaProjects/EcommerceB2c/src/main/resources/Features/F03_PasswordReset.feature:15)
... Removed 2 stack frames</pre></div><a href='#' onClick='toggleBox("stack-trace399715995", this, "Click to show all stack frames", "Click to hide stack frames")'>Click to show all stack frames</a>
<div class='stack-trace' id='stack-trace399715995'><pre>java.lang.AssertionError: The following asserts failed:
	expected [true] but found [false]
	at org.testng.asserts.SoftAssert.assertAll(SoftAssert.java:47)
	at org.testng.asserts.SoftAssert.assertAll(SoftAssert.java:31)
	at StepDefinitions.D03_PasswordResetStepDef.message_of_instruction_is_displayed(D03_PasswordResetStepDef.java:27)
	at ?.message of instruction is displayed(file:///C:/Users/3D/IdeaProjects/EcommerceB2c/src/main/resources/Features/F03_PasswordReset.feature:15)
</pre></div></td>
<td>10</td>
<td>Runner.runners@307f6b8c</td></tr>
<tr>
<td title='Runner.runners.runScenario()'><b>runScenario</b><br>Test class: Runner.runners<br>Test method: Runs Cucumber Scenarios<br>Parameters: "user could login with valid email and password", "Optional[F02_Login | users could use login functionality to use their accounts]"</td>
<td><div><pre>org.openqa.selenium.NoSuchElementException: no such element: Unable to locate element: {&quot;method&quot;:&quot;css selector&quot;,&quot;selector&quot;:&quot;.ico\-account&quot;}
  (Session info: chrome=108.0.5359.99)
For documentation on this error, please visit: https://selenium.dev/exceptions/#no_such_element
Build info: version: &apos;4.6.0&apos;, revision: &apos;79f1c02ae20&apos;
System info: os.name: &apos;Windows 10&apos;, os.arch: &apos;amd64&apos;, os.version: &apos;10.0&apos;, java.version: &apos;1.8.0_231&apos;
Driver info: org.openqa.selenium.chrome.ChromeDriver
Command: [c6e79835990f6cc3efc7d591ab9dc89a, findElement {using=class name, value=ico-account}]
Capabilities {acceptInsecureCerts: false, browserName: chrome, browserVersion: 108.0.5359.99, chrome: {chromedriverVersion: 107.0.5304.62 (1eec40d3a576..., userDataDir: C:\Users\3D\AppData\Local\T...}, goog:chromeOptions: {debuggerAddress: localhost:59268}, networkConnectionEnabled: false, pageLoadStrategy: normal, platformName: WINDOWS, proxy: Proxy(), se:cdp: ws://localhost:59268/devtoo..., se:cdpVersion: 108.0.5359.99, setWindowRect: true, strictFileInteractability: false, timeouts: {implicit: 0, pageLoad: 300000, script: 30000}, unhandledPromptBehavior: dismiss and notify, webauthn:extension:credBlob: true, webauthn:extension:largeBlob: true, webauthn:virtualAuthenticators: true}
Session ID: c6e79835990f6cc3efc7d591ab9dc89a
	at org.openqa.selenium.remote.codec.w3c.W3CHttpResponseCodec.createException(W3CHttpResponseCodec.java:200)
	at org.openqa.selenium.remote.codec.w3c.W3CHttpResponseCodec.decode(W3CHttpResponseCodec.java:133)
	at org.openqa.selenium.remote.codec.w3c.W3CHttpResponseCodec.decode(W3CHttpResponseCodec.java:53)
	at org.openqa.selenium.remote.HttpCommandExecutor.execute(HttpCommandExecutor.java:184)
	at org.openqa.selenium.remote.service.DriverCommandExecutor.invokeExecute(DriverCommandExecutor.java:167)
	at org.openqa.selenium.remote.service.DriverCommandExecutor.execute(DriverCommandExecutor.java:142)
	at org.openqa.selenium.remote.RemoteWebDriver.execute(RemoteWebDriver.java:541)
	at org.openqa.selenium.remote.ElementLocation$ElementFinder$2.findElement(ElementLocation.java:162)
	at org.openqa.selenium.remote.ElementLocation.findElement(ElementLocation.java:60)
	at org.openqa.selenium.remote.RemoteWebDriver.findElement(RemoteWebDriver.java:365)
	at org.openqa.selenium.remote.RemoteWebDriver.findElement(RemoteWebDriver.java:357)
	at Pages.P02_login.getMyAccountTab(P02_login.java:21)
	at StepDefinitions.D02_loginStepDef.user_login_to_the_system_successfully(D02_loginStepDef.java:35)
	at ?.user login to the system successfully(file:///C:/Users/3D/IdeaProjects/EcommerceB2c/src/main/resources/Features/F02_Login.feature:7)
... Removed 4 stack frames</pre></div><a href='#' onClick='toggleBox("stack-trace418299920", this, "Click to show all stack frames", "Click to hide stack frames")'>Click to show all stack frames</a>
<div class='stack-trace' id='stack-trace418299920'><pre>org.openqa.selenium.NoSuchElementException: no such element: Unable to locate element: {&quot;method&quot;:&quot;css selector&quot;,&quot;selector&quot;:&quot;.ico\-account&quot;}
  (Session info: chrome=108.0.5359.99)
For documentation on this error, please visit: https://selenium.dev/exceptions/#no_such_element
Build info: version: &apos;4.6.0&apos;, revision: &apos;79f1c02ae20&apos;
System info: os.name: &apos;Windows 10&apos;, os.arch: &apos;amd64&apos;, os.version: &apos;10.0&apos;, java.version: &apos;1.8.0_231&apos;
Driver info: org.openqa.selenium.chrome.ChromeDriver
Command: [c6e79835990f6cc3efc7d591ab9dc89a, findElement {using=class name, value=ico-account}]
Capabilities {acceptInsecureCerts: false, browserName: chrome, browserVersion: 108.0.5359.99, chrome: {chromedriverVersion: 107.0.5304.62 (1eec40d3a576..., userDataDir: C:\Users\3D\AppData\Local\T...}, goog:chromeOptions: {debuggerAddress: localhost:59268}, networkConnectionEnabled: false, pageLoadStrategy: normal, platformName: WINDOWS, proxy: Proxy(), se:cdp: ws://localhost:59268/devtoo..., se:cdpVersion: 108.0.5359.99, setWindowRect: true, strictFileInteractability: false, timeouts: {implicit: 0, pageLoad: 300000, script: 30000}, unhandledPromptBehavior: dismiss and notify, webauthn:extension:credBlob: true, webauthn:extension:largeBlob: true, webauthn:virtualAuthenticators: true}
Session ID: c6e79835990f6cc3efc7d591ab9dc89a
	at sun.reflect.NativeConstructorAccessorImpl.newInstance0(Native Method)
	at sun.reflect.NativeConstructorAccessorImpl.newInstance(NativeConstructorAccessorImpl.java:62)
	at sun.reflect.DelegatingConstructorAccessorImpl.newInstance(DelegatingConstructorAccessorImpl.java:45)
	at java.lang.reflect.Constructor.newInstance(Constructor.java:423)
	at org.openqa.selenium.remote.codec.w3c.W3CHttpResponseCodec.createException(W3CHttpResponseCodec.java:200)
	at org.openqa.selenium.remote.codec.w3c.W3CHttpResponseCodec.decode(W3CHttpResponseCodec.java:133)
	at org.openqa.selenium.remote.codec.w3c.W3CHttpResponseCodec.decode(W3CHttpResponseCodec.java:53)
	at org.openqa.selenium.remote.HttpCommandExecutor.execute(HttpCommandExecutor.java:184)
	at org.openqa.selenium.remote.service.DriverCommandExecutor.invokeExecute(DriverCommandExecutor.java:167)
	at org.openqa.selenium.remote.service.DriverCommandExecutor.execute(DriverCommandExecutor.java:142)
	at org.openqa.selenium.remote.RemoteWebDriver.execute(RemoteWebDriver.java:541)
	at org.openqa.selenium.remote.ElementLocation$ElementFinder$2.findElement(ElementLocation.java:162)
	at org.openqa.selenium.remote.ElementLocation.findElement(ElementLocation.java:60)
	at org.openqa.selenium.remote.RemoteWebDriver.findElement(RemoteWebDriver.java:365)
	at org.openqa.selenium.remote.RemoteWebDriver.findElement(RemoteWebDriver.java:357)
	at Pages.P02_login.getMyAccountTab(P02_login.java:21)
	at StepDefinitions.D02_loginStepDef.user_login_to_the_system_successfully(D02_loginStepDef.java:35)
	at ?.user login to the system successfully(file:///C:/Users/3D/IdeaProjects/EcommerceB2c/src/main/resources/Features/F02_Login.feature:7)
</pre></div></td>
<td>19</td>
<td>Runner.runners@307f6b8c</td></tr>
</table><p>
<table width='100%' border='1' class='invocation-passed'>
<tr><td colspan='4' align='center'><b>PASSED TESTS</b></td></tr>
<tr><td><b>Test method</b></td>
<td width="30%"><b>Exception</b></td>
<td width="10%"><b>Time (seconds)</b></td>
<td><b>Instance</b></td>
</tr>
<tr>
<td title='Runner.runners.runScenario()'><b>runScenario</b><br>Test class: Runner.runners<br>Test method: Runs Cucumber Scenarios<br>Parameters: "user select euro currency and items price convert to euro", "Optional[Switch Currency to Euro]"</td>
<td></td>
<td>9</td>
<td>Runner.runners@307f6b8c</td></tr>
<tr>
<td title='Runner.runners.runScenario()'><b>runScenario</b><br>Test class: Runner.runners<br>Test method: Runs Cucumber Scenarios<br>Parameters: "user can add different products to comparelist", "Optional[add products to comparelist]"</td>
<td></td>
<td>14</td>
<td>Runner.runners@307f6b8c</td></tr>
<tr>
<td title='Runner.runners.runScenario()'><b>runScenario</b><br>Test class: Runner.runners<br>Test method: Runs Cucumber Scenarios<br>Parameters: "guest user could register with valid data successfully", "Optional[F01_Register | users could register with new accounts]"</td>
<td></td>
<td>15</td>
<td>Runner.runners@307f6b8c</td></tr>
<tr>
<td title='Runner.runners.runScenario()'><b>runScenario</b><br>Test class: Runner.runners<br>Test method: Runs Cucumber Scenarios<br>Parameters: "user could login with invalid email and password", "Optional[F02_Login | users could use login functionality to use their accounts]"</td>
<td></td>
<td>10</td>
<td>Runner.runners@307f6b8c</td></tr>
<tr>
<td title='Runner.runners.runScenario()'><b>runScenario</b><br>Test class: Runner.runners<br>Test method: Runs Cucumber Scenarios<br>Parameters: "user register in site", "Optional[Reset Password]"</td>
<td></td>
<td>10</td>
<td>Runner.runners@307f6b8c</td></tr>
<tr>
<td title='Runner.runners.runScenario()'><b>runScenario</b><br>Test class: Runner.runners<br>Test method: Runs Cucumber Scenarios<br>Parameters: "user go to home page and select different categories", "Optional[Hovering to different Categories]"</td>
<td></td>
<td>10</td>
<td>Runner.runners@307f6b8c</td></tr>
<tr>
<td title='Runner.runners.runScenario()'><b>runScenario</b><br>Test class: Runner.runners<br>Test method: Runs Cucumber Scenarios<br>Parameters: "user can add different products to shopping cart", "Optional[add products to shopping cart]"</td>
<td></td>
<td>15</td>
<td>Runner.runners@307f6b8c</td></tr>
<tr>
<td title='Runner.runners.runScenario()'><b>runScenario</b><br>Test class: Runner.runners<br>Test method: Runs Cucumber Scenarios<br>Parameters: "user selects different tags", "Optional[Different Tag selection]"</td>
<td></td>
<td>10</td>
<td>Runner.runners@307f6b8c</td></tr>
<tr>
<td title='Runner.runners.runScenario()'><b>runScenario</b><br>Test class: Runner.runners<br>Test method: Runs Cucumber Scenarios<br>Parameters: "user login successfully and search for any product", "Optional[Logged User Could Search for Product]"</td>
<td></td>
<td>13</td>
<td>Runner.runners@307f6b8c</td></tr>
<tr>
<td title='Runner.runners.runScenario()'><b>runScenario</b><br>Test class: Runner.runners<br>Test method: Runs Cucumber Scenarios<br>Parameters: "user makes an order successfully", "Optional[Order Creation]"</td>
<td></td>
<td>19</td>
<td>Runner.runners@307f6b8c</td></tr>
<tr>
<td title='Runner.runners.runScenario()'><b>runScenario</b><br>Test class: Runner.runners<br>Test method: Runs Cucumber Scenarios<br>Parameters: "", "Optional[user filter using color]"</td>
<td></td>
<td>11</td>
<td>Runner.runners@307f6b8c</td></tr>
<tr>
<td title='Runner.runners.runScenario()'><b>runScenario</b><br>Test class: Runner.runners<br>Test method: Runs Cucumber Scenarios<br>Parameters: "user can add different products to wishlist", "Optional[add products to wishlist]"</td>
<td></td>
<td>14</td>
<td>Runner.runners@307f6b8c</td></tr>
</table><p>
</body>
</html>